<?xml version="1.0" encoding="utf-8"?><testsuites name="pytest tests"><testsuite name="pytest" errors="0" failures="0" skipped="0" tests="6" time="0.739" timestamp="2026-04-30T22:49:13.028468+00:00" hostname="agent-env-99b834f7-b372-4b8c-b7e7-a5dd5d7aa36a"><testcase classname="backend.tests.test_backend_api.TestHealth" name="test_health_ok" time="0.293" /><testcase classname="backend.tests.test_backend_api.TestContact" name="test_create_contact_valid" time="0.064" /><testcase classname="backend.tests.test_backend_api.TestContact" name="test_create_contact_invalid_email" time="0.059" /><testcase classname="backend.tests.test_backend_api.TestContact" name="test_create_contact_short_message" time="0.069" /><testcase classname="backend.tests.test_backend_api.TestContact" name="test_create_contact_short_name" time="0.055" /><testcase classname="backend.tests.test_backend_api.TestContact" name="test_list_contacts_excludes_mongo_id" time="0.058" /></testsuite></testsuites>